<?xml version="1.0" encoding="UTF-8"?>
<!-- Generated by org.testng.reporters.JUnitReportReporter -->
<testsuite skipped="0" hostname="Sambeets-MacBook-Air.local" name="com.day1.Test_DragAndDrop" tests="1" failures="0" timestamp="20 May 2017 20:50:03 GMT" time="17.674" errors="0">
  <testcase name="verify_Drag_And_Drop" time="17.674" classname="com.day1.Test_DragAndDrop"/>
</testsuite> <!-- com.day1.Test_DragAndDrop -->
