<?xml version="1.0" encoding="UTF-8"?>
<!-- Generated by org.testng.reporters.JUnitReportReporter -->
<testsuite name="com.bbsrTest.Test_iOS_Bbsr_App" tests="1" time="60.802" ignored="0" failures="0" timestamp="29 Jul 2017 01:02:20 GMT" skipped="0" hostname="Sambeets-MacBook-Air.local" errors="0">
  <testcase name="test_iOS_Bbsr_App_01" time="60.802" classname="com.bbsrTest.Test_iOS_Bbsr_App"/>
</testsuite> <!-- com.bbsrTest.Test_iOS_Bbsr_App -->
