<?xml version="1.0" encoding="UTF-8"?>
<!-- Generated by org.testng.reporters.JUnitReportReporter -->
<testsuite name="com.igs.InstagramFollowers" tests="1" time="215.449" ignored="0" failures="0" timestamp="22 Sep 2018 19:28:23 GMT" skipped="0" hostname="Sambeets-MacBook-Air.local" errors="0">
  <testcase name="test_instagram_followers" time="215.449" classname="com.igs.InstagramFollowers"/>
</testsuite> <!-- com.igs.InstagramFollowers -->
