<?xml version="1.0" encoding="UTF-8"?>
<!-- Generated by org.testng.reporters.JUnitReportReporter -->
<testsuite name="com.bbsrIOSAppTest.iOS_Test_Bbsr_App" tests="1" time="59.982" ignored="0" failures="0" timestamp="29 Jul 2017 16:44:47 GMT" skipped="0" hostname="Sambeets-MacBook-Air.local" errors="0">
  <testcase name="test_iOS_Test_Bbsr_App" time="59.982" classname="com.bbsrIOSAppTest.iOS_Test_Bbsr_App"/>
</testsuite> <!-- com.bbsrIOSAppTest.iOS_Test_Bbsr_App -->
