<?xml version="1.0" encoding="UTF-8"?>
<!-- Generated by org.testng.reporters.JUnitReportReporter -->
<testsuite name="com.igs.InstagramLikes" tests="1" time="278.759" ignored="0" failures="0" timestamp="22 Sep 2018 19:51:36 GMT" skipped="0" hostname="Sambeets-MacBook-Air.local" errors="0">
  <testcase name="test_instagram_likes" time="278.759" classname="com.igs.InstagramLikes"/>
</testsuite> <!-- com.igs.InstagramLikes -->
