<?xml version="1.0" encoding="UTF-8"?>
<!-- Generated by org.testng.reporters.JUnitReportReporter -->
<testsuite name="com.igs.InstagramLikes" tests="1" time="1470.198" ignored="2" failures="0" timestamp="29 Sep 2018 20:00:02 GMT" skipped="0" hostname="Sambeets-MacBook-Air.local" errors="0">
  <testcase name="test_instagram_likes" time="1470.198" classname="com.igs.InstagramLikes"/>
  <testcase name="afterClass" classname="com.igs.TestBase">
    <skipped/>
  </testcase> <!-- afterClass -->
  <testcase name="beforeClass" classname="com.igs.TestBase">
    <skipped/>
  </testcase> <!-- beforeClass -->
</testsuite> <!-- com.igs.InstagramLikes -->
