<?xml version="1.0" encoding="UTF-8"?>
<!-- Generated by org.testng.reporters.JUnitReportReporter -->
<testsuite name="com.naukri.NaukriWeb" tests="2" time="396.572" ignored="0" failures="0" timestamp="23 Sep 2020 15:43:51 GMT" skipped="0" hostname="Sambeets-MacBook-Air.local" errors="0">
  <testcase name="run_ig" time="230.083" classname="com.naukri.NaukriWeb"/>
  <testcase name="run_ig" time="166.489" classname="com.naukri.NaukriWeb"/>
</testsuite> <!-- com.naukri.NaukriWeb -->
