<?xml version="1.0" encoding="UTF-8"?>
<!-- Generated by org.testng.reporters.JUnitReportReporter -->
<testsuite name="com.day1.Send_SMS_verify" tests="1" time="41.162" ignored="0" failures="0" timestamp="14 May 2017 18:07:32 GMT" skipped="0" hostname="Sambeets-MacBook-Air.local" errors="0">
  <testcase name="verify_SMS" time="41.162" classname="com.day1.Send_SMS_verify"/>
</testsuite> <!-- com.day1.Send_SMS_verify -->
