<?xml version="1.0" encoding="UTF-8"?>
<!-- Generated by org.testng.reporters.JUnitReportReporter -->
<testsuite skipped="0" hostname="Sambeets-MacBook-Air.local" name="com.iOSTest.iOS_Test_App" tests="1" failures="0" timestamp="13 Jul 2017 21:58:14 GMT" time="111.917" errors="0">
  <testcase name="test_ios_App" time="111.917" classname="com.iOSTest.iOS_Test_App"/>
</testsuite> <!-- com.iOSTest.iOS_Test_App -->
