<?xml version="1.0" encoding="UTF-8"?>
<!-- Generated by org.testng.reporters.JUnitReportReporter -->
<testsuite name="com.day1.Test_DragAndDrop" tests="1" time="17.082" ignored="0" failures="0" timestamp="02 Jan 2018 15:20:48 GMT" skipped="0" hostname="Sambeets-MacBook-Air.local" errors="0">
  <testcase name="verify_Drag_And_Drop" time="17.082" classname="com.day1.Test_DragAndDrop"/>
</testsuite> <!-- com.day1.Test_DragAndDrop -->
