<?xml version="1.0" encoding="UTF-8"?>
<!-- Generated by org.testng.reporters.JUnitReportReporter -->
<testsuite skipped="0" hostname="Sambeets-MacBook-Air.local" name="com.ios.Test_iOS_App" tests="1" failures="0" timestamp="16 Jul 2017 01:55:10 GMT" time="40.830" errors="0">
  <testcase name="Test_iOS_App_Ui_Catalog" time="40.830" classname="com.ios.Test_iOS_App"/>
</testsuite> <!-- com.ios.Test_iOS_App -->
