<?xml version="1.0" encoding="UTF-8"?>
<!-- Generated by org.testng.reporters.JUnitReportReporter -->
<testsuite name="com.igs.InstagramFollowers" tests="1" time="1815.562" ignored="0" failures="0" timestamp="29 Sep 2018 20:32:56 GMT" skipped="0" hostname="Sambeets-MacBook-Air.local" errors="0">
  <testcase name="test_instagram_followers" time="1815.562" classname="com.igs.InstagramFollowers"/>
</testsuite> <!-- com.igs.InstagramFollowers -->
