<?xml version="1.0" encoding="UTF-8"?>
<!-- Generated by org.testng.reporters.JUnitReportReporter -->
<testsuite name="com.day4.Test_Whatsapp" tests="1" time="19.669" ignored="0" failures="0" timestamp="17 Aug 2017 18:05:06 GMT" skipped="0" hostname="Sambeets-MacBook-Air.local" errors="0">
  <testcase name="test_whatsapp" time="19.669" classname="com.day4.Test_Whatsapp"/>
</testsuite> <!-- com.day4.Test_Whatsapp -->
