<?xml version="1.0" encoding="UTF-8"?>
<!-- Generated by org.testng.reporters.JUnitReportReporter -->
<testsuite skipped="0" hostname="Sambeets-MacBook-Air.local" name="com.ios.Test_iOS_App" tests="1" failures="0" timestamp="03 Jul 2017 00:54:43 GMT" time="58.300" errors="0">
  <testcase name="Test_iOS_App_Ui_Catalog" time="58.300" classname="com.ios.Test_iOS_App"/>
</testsuite> <!-- com.ios.Test_iOS_App -->
