<?xml version="1.0" encoding="UTF-8"?>
<!-- Generated by org.testng.reporters.JUnitReportReporter -->
<testsuite name="com.day1.DragAndDrop" tests="1" time="26.769" ignored="0" failures="0" timestamp="14 May 2017 19:00:33 GMT" skipped="0" hostname="Sambeets-MacBook-Air.local" errors="0">
  <testcase name="verify_Drag_And_Drop" time="26.769" classname="com.day1.DragAndDrop"/>
</testsuite> <!-- com.day1.DragAndDrop -->
