<?xml version="1.0" encoding="UTF-8"?>
<!-- Generated by org.testng.reporters.JUnitReportReporter -->
<testsuite skipped="0" hostname="Sambeets-MacBook-Air.local" name="com.day4.Mortgage_Calc" tests="1" failures="0" timestamp="03 Jul 2017 01:16:04 GMT" time="23.212" errors="0">
  <testcase name="run_calc" time="23.212" classname="com.day4.Mortgage_Calc"/>
</testsuite> <!-- com.day4.Mortgage_Calc -->
