<?xml version="1.0" encoding="UTF-8"?>
<!-- Generated by org.testng.reporters.JUnitReportReporter -->
<testsuite skipped="0" hostname="Sambeets-MacBook-Air.local" name="com.ios.Webbased_app" tests="1" failures="0" timestamp="02 Jul 2017 21:09:15 GMT" time="35.220" errors="0">
  <testcase name="Test_ios_web_App" time="35.220" classname="com.ios.Webbased_app"/>
</testsuite> <!-- com.ios.Webbased_app -->
