<?xml version="1.0" encoding="UTF-8"?>
<!-- Generated by org.testng.reporters.JUnitReportReporter -->
<testsuite name="com.igs.InstagramLikes" tests="1" time="1508.008" ignored="0" failures="0" timestamp="08 Jun 2018 21:56:03 GMT" skipped="0" hostname="Sambeets-MacBook-Air.local" errors="0">
  <testcase name="test_instagram_likes" time="1508.008" classname="com.igs.InstagramLikes"/>
</testsuite> <!-- com.igs.InstagramLikes -->
