<?xml version="1.0" encoding="UTF-8"?>
<!-- Generated by org.testng.reporters.JUnitReportReporter -->
<testsuite name="com.day1.Test_Send_SMS_Verify" tests="1" time="53.092" ignored="0" failures="0" timestamp="02 Jan 2018 15:20:14 GMT" skipped="0" hostname="Sambeets-MacBook-Air.local" errors="0">
  <testcase name="verify_SMS" time="53.092" classname="com.day1.Test_Send_SMS_Verify"/>
</testsuite> <!-- com.day1.Test_Send_SMS_Verify -->
