<?xml version="1.0" encoding="UTF-8"?>
<!-- Generated by org.testng.reporters.JUnitReportReporter -->
<testsuite skipped="0" hostname="Sambeets-MacBook-Air.local" name="com.nLinkTest.XML_Test" tests="1" failures="0" timestamp="28 Jul 2017 22:21:35 GMT" time="0.278" errors="0">
  <testcase name="test_XML_Test" time="0.278" classname="com.nLinkTest.XML_Test"/>
</testsuite> <!-- com.nLinkTest.XML_Test -->
